<?xml version="1.0" encoding="UTF-8"?>
<testng-results ignored="0" total="1" passed="1" failed="0" skipped="0">
  <reporter-output>
  </reporter-output>
  <suite started-at="2024-01-12T11:36:34 IST" name="Default suite" finished-at="2024-01-12T11:36:40 IST" duration-ms="5758">
    <groups>
    </groups>
    <test started-at="2024-01-12T11:36:34 IST" name="Default test" finished-at="2024-01-12T11:36:40 IST" duration-ms="5758">
      <class name="javaproject2.Script1">
        <test-method is-config="true" signature="setup()[pri:0, instance:javaproject2.Script1@2e1d27ba]" started-at="2024-01-12T11:36:34 IST" name="setup" finished-at="2024-01-12T11:36:38 IST" duration-ms="4572" status="PASS">
          <reporter-output>
          </reporter-output>
        </test-method> <!-- setup -->
        <test-method signature="Script()[pri:0, instance:javaproject2.Script1@2e1d27ba]" started-at="2024-01-12T11:36:38 IST" name="Script" finished-at="2024-01-12T11:36:39 IST" duration-ms="972" status="PASS">
          <reporter-output>
          </reporter-output>
        </test-method> <!-- Script -->
        <test-method is-config="true" signature="tearDown()[pri:0, instance:javaproject2.Script1@2e1d27ba]" started-at="2024-01-12T11:36:39 IST" name="tearDown" finished-at="2024-01-12T11:36:40 IST" duration-ms="178" status="PASS">
          <reporter-output>
          </reporter-output>
        </test-method> <!-- tearDown -->
      </class> <!-- javaproject2.Script1 -->
    </test> <!-- Default test -->
  </suite> <!-- Default suite -->
</testng-results>
